2025-02-19 17:49:45 [restartedMain] INFO  c.s.p.ProductServiceApplication - Starting ProductServiceApplication using Java 17.0.13 with PID 28440 (C:\Java\ecommerce-spring\product-service\target\classes started by oguzhan in C:\Java\ecommerce-spring)
2025-02-19 17:49:45 [restartedMain] INFO  c.s.p.ProductServiceApplication - No active profile set, falling back to 1 default profile: "default"
2025-02-19 17:49:45 [restartedMain] INFO  o.s.d.r.c.RepositoryConfigurationDelegate - Multiple Spring Data modules found, entering strict repository configuration mode
2025-02-19 17:49:45 [restartedMain] INFO  o.s.d.r.c.RepositoryConfigurationDelegate - Bootstrapping Spring Data JPA repositories in DEFAULT mode.
2025-02-19 17:49:45 [restartedMain] INFO  o.s.d.r.c.RepositoryConfigurationDelegate - Finished Spring Data repository scanning in 14 ms. Found 4 JPA repository interfaces.
2025-02-19 17:49:45 [restartedMain] INFO  o.s.d.r.c.RepositoryConfigurationDelegate - Multiple Spring Data modules found, entering strict repository configuration mode
2025-02-19 17:49:45 [restartedMain] INFO  o.s.d.r.c.RepositoryConfigurationDelegate - Bootstrapping Spring Data Redis repositories in DEFAULT mode.
2025-02-19 17:49:45 [restartedMain] INFO  o.s.d.r.c.RepositoryConfigurationExtensionSupport - Spring Data Redis - Could not safely identify store assignment for repository candidate interface com.shop.product_service.repository.AttributeRepository; If you want this repository to be a Redis repository, consider annotating your entities with one of these annotations: org.springframework.data.redis.core.RedisHash (preferred), or consider extending one of the following types with your repository: org.springframework.data.keyvalue.repository.KeyValueRepository
2025-02-19 17:49:45 [restartedMain] INFO  o.s.d.r.c.RepositoryConfigurationExtensionSupport - Spring Data Redis - Could not safely identify store assignment for repository candidate interface com.shop.product_service.repository.CategoryRepository; If you want this repository to be a Redis repository, consider annotating your entities with one of these annotations: org.springframework.data.redis.core.RedisHash (preferred), or consider extending one of the following types with your repository: org.springframework.data.keyvalue.repository.KeyValueRepository
2025-02-19 17:49:45 [restartedMain] INFO  o.s.d.r.c.RepositoryConfigurationExtensionSupport - Spring Data Redis - Could not safely identify store assignment for repository candidate interface com.shop.product_service.repository.ProductRepository; If you want this repository to be a Redis repository, consider annotating your entities with one of these annotations: org.springframework.data.redis.core.RedisHash (preferred), or consider extending one of the following types with your repository: org.springframework.data.keyvalue.repository.KeyValueRepository
2025-02-19 17:49:45 [restartedMain] INFO  o.s.d.r.c.RepositoryConfigurationExtensionSupport - Spring Data Redis - Could not safely identify store assignment for repository candidate interface com.shop.product_service.repository.SubCategoryRepository; If you want this repository to be a Redis repository, consider annotating your entities with one of these annotations: org.springframework.data.redis.core.RedisHash (preferred), or consider extending one of the following types with your repository: org.springframework.data.keyvalue.repository.KeyValueRepository
2025-02-19 17:49:45 [restartedMain] INFO  o.s.d.r.c.RepositoryConfigurationDelegate - Finished Spring Data repository scanning in 4 ms. Found 0 Redis repository interfaces.
2025-02-19 17:49:45 [restartedMain] INFO  o.s.cloud.context.scope.GenericScope - BeanFactory id=d8b7ac88-c98b-3053-8338-f3ca71f8481d
2025-02-19 17:49:45 [restartedMain] INFO  o.s.b.w.e.tomcat.TomcatWebServer - Tomcat initialized with port 8081 (http)
2025-02-19 17:49:45 [restartedMain] INFO  o.a.catalina.core.StandardService - Starting service [Tomcat]
2025-02-19 17:49:45 [restartedMain] INFO  o.a.catalina.core.StandardEngine - Starting Servlet engine: [Apache Tomcat/10.1.34]
2025-02-19 17:49:45 [restartedMain] INFO  o.a.c.c.C.[Tomcat].[localhost].[/] - Initializing Spring embedded WebApplicationContext
2025-02-19 17:49:45 [restartedMain] INFO  o.s.b.w.s.c.ServletWebServerApplicationContext - Root WebApplicationContext: initialization completed in 549 ms
2025-02-19 17:49:45 [restartedMain] INFO  o.h.jpa.internal.util.LogHelper - HHH000204: Processing PersistenceUnitInfo [name: default]
2025-02-19 17:49:45 [restartedMain] INFO  o.h.c.i.RegionFactoryInitiator - HHH000026: Second-level cache disabled
2025-02-19 17:49:45 [restartedMain] INFO  o.s.o.j.p.SpringPersistenceUnitInfo - No LoadTimeWeaver setup: ignoring JPA class transformer
2025-02-19 17:49:45 [restartedMain] INFO  com.zaxxer.hikari.HikariDataSource - HikariPool-4 - Starting...
2025-02-19 17:49:45 [restartedMain] INFO  com.zaxxer.hikari.pool.HikariPool - HikariPool-4 - Added connection org.postgresql.jdbc.PgConnection@7099a920
2025-02-19 17:49:45 [restartedMain] INFO  com.zaxxer.hikari.HikariDataSource - HikariPool-4 - Start completed.
2025-02-19 17:49:45 [restartedMain] WARN  org.hibernate.orm.deprecation - HHH90000025: PostgreSQLDialect does not need to be specified explicitly using 'hibernate.dialect' (remove the property setting and it will be selected by default)
2025-02-19 17:49:45 [restartedMain] INFO  o.hibernate.orm.connections.pooling - HHH10001005: Database info:
	Database JDBC URL [Connecting through datasource 'HikariDataSource (HikariPool-4)']
	Database driver: undefined/unknown
	Database version: 16.2
	Autocommit mode: undefined/unknown
	Isolation level: undefined/unknown
	Minimum pool size: undefined/unknown
	Maximum pool size: undefined/unknown
2025-02-19 17:49:45 [restartedMain] INFO  o.h.e.t.j.p.i.JtaPlatformInitiator - HHH000489: No JTA platform available (set 'hibernate.transaction.jta.platform' to enable JTA platform integration)
2025-02-19 17:49:45 [restartedMain] INFO  o.s.o.j.LocalContainerEntityManagerFactoryBean - Initialized JPA EntityManagerFactory for persistence unit 'default'
2025-02-19 17:49:46 [restartedMain] WARN  o.s.b.a.o.j.JpaBaseConfiguration$JpaWebConfiguration - spring.jpa.open-in-view is enabled by default. Therefore, database queries may be performed during view rendering. Explicitly configure spring.jpa.open-in-view to disable this warning
2025-02-19 17:49:46 [restartedMain] INFO  o.s.v.b.OptionalValidatorFactoryBean - Failed to set up a Bean Validation provider: jakarta.validation.NoProviderFoundException: Unable to create a Configuration, because no Jakarta Bean Validation provider could be found. Add a provider like Hibernate Validator (RI) to your classpath.
2025-02-19 17:49:46 [restartedMain] WARN  o.s.b.d.a.OptionalLiveReloadServer - Unable to start LiveReload server
2025-02-19 17:49:47 [restartedMain] INFO  o.s.c.n.e.c.DiscoveryClientOptionalArgsConfiguration - Eureka HTTP Client uses RestTemplate.
2025-02-19 17:49:47 [restartedMain] WARN  o.s.c.l.c.LoadBalancerCacheAutoConfiguration$LoadBalancerCaffeineWarnLogger - Spring Cloud LoadBalancer is currently working with the default cache. While this cache implementation is useful for development and tests, it's recommended to use Caffeine cache in production.You can switch to using Caffeine cache, by adding it and org.springframework.cache.caffeine.CaffeineCacheManager to the classpath.
2025-02-19 17:49:47 [restartedMain] INFO  o.s.b.a.e.web.EndpointLinksResolver - Exposing 19 endpoints beneath base path '/actuator'
2025-02-19 17:49:47 [restartedMain] INFO  o.s.c.n.eureka.InstanceInfoFactory - Setting initial instance status as: STARTING
2025-02-19 17:49:47 [restartedMain] INFO  c.netflix.discovery.DiscoveryClient - Initializing Eureka in region us-east-1
2025-02-19 17:49:47 [restartedMain] INFO  c.n.d.s.r.aws.ConfigClusterResolver - Resolving eureka endpoints via configuration
2025-02-19 17:49:47 [restartedMain] INFO  c.netflix.discovery.DiscoveryClient - Disable delta property : false
2025-02-19 17:49:47 [restartedMain] INFO  c.netflix.discovery.DiscoveryClient - Single vip registry refresh property : null
2025-02-19 17:49:47 [restartedMain] INFO  c.netflix.discovery.DiscoveryClient - Force full registry fetch : false
2025-02-19 17:49:47 [restartedMain] INFO  c.netflix.discovery.DiscoveryClient - Application is null : false
2025-02-19 17:49:47 [restartedMain] INFO  c.netflix.discovery.DiscoveryClient - Registered Applications size is zero : true
2025-02-19 17:49:47 [restartedMain] INFO  c.netflix.discovery.DiscoveryClient - Application version is -1: true
2025-02-19 17:49:47 [restartedMain] INFO  c.netflix.discovery.DiscoveryClient - Getting all instance registry info from the eureka server
2025-02-19 17:49:47 [restartedMain] INFO  c.netflix.discovery.DiscoveryClient - The response status is 200
2025-02-19 17:49:47 [restartedMain] INFO  c.netflix.discovery.DiscoveryClient - Starting heartbeat executor: renew interval is: 30
2025-02-19 17:49:47 [restartedMain] INFO  c.n.discovery.InstanceInfoReplicator - InstanceInfoReplicator onDemand update allowed rate per min is 4
2025-02-19 17:49:47 [restartedMain] INFO  c.netflix.discovery.DiscoveryClient - Discovery Client initialized at timestamp 1739976587243 with initial instances count: 7
2025-02-19 17:49:47 [restartedMain] INFO  o.s.c.n.e.s.EurekaServiceRegistry - Registering application PRODUCT-SERVICE with eureka with status UP
2025-02-19 17:49:47 [restartedMain] INFO  c.netflix.discovery.DiscoveryClient - Saw local status change event StatusChangeEvent [timestamp=1739976587248, current=UP, previous=STARTING]
2025-02-19 17:49:47 [DiscoveryClient-InstanceInfoReplicator-%d] INFO  c.netflix.discovery.DiscoveryClient - DiscoveryClient_PRODUCT-SERVICE/host.docker.internal:product-service:8081: registering service...
2025-02-19 17:49:47 [restartedMain] INFO  o.s.b.w.e.tomcat.TomcatWebServer - Tomcat started on port 8081 (http) with context path '/'
2025-02-19 17:49:47 [restartedMain] INFO  o.s.c.n.e.s.EurekaAutoServiceRegistration - Updating port to 8081
2025-02-19 17:49:47 [DiscoveryClient-InstanceInfoReplicator-%d] INFO  c.netflix.discovery.DiscoveryClient - DiscoveryClient_PRODUCT-SERVICE/host.docker.internal:product-service:8081 - registration status: 204
2025-02-19 17:49:47 [restartedMain] INFO  c.s.p.ProductServiceApplication - Started ProductServiceApplication in 2.411 seconds (process running for 5887.885)
2025-02-19 17:49:47 [restartedMain] INFO  o.s.b.d.a.ConditionEvaluationDeltaLoggingListener - Condition evaluation unchanged
2025-02-19 17:50:01 [http-nio-8081-exec-1] INFO  o.a.c.c.C.[Tomcat].[localhost].[/] - Initializing Spring DispatcherServlet 'dispatcherServlet'
2025-02-19 17:50:01 [http-nio-8081-exec-1] INFO  o.s.web.servlet.DispatcherServlet - Initializing Servlet 'dispatcherServlet'
2025-02-19 17:50:01 [http-nio-8081-exec-1] INFO  o.s.web.servlet.DispatcherServlet - Completed initialization in 3 ms
2025-02-19 17:52:14 [File Watcher] INFO  o.s.b.d.a.LocalDevToolsAutoConfiguration$RestartingClassPathChangeChangedEventListener - Restarting due to 1 class path change (0 additions, 0 deletions, 1 modification)
2025-02-19 17:52:14 [Thread-19] INFO  o.s.c.n.e.s.EurekaServiceRegistry - Unregistering application PRODUCT-SERVICE with eureka with status DOWN
2025-02-19 17:52:14 [Thread-19] INFO  c.netflix.discovery.DiscoveryClient - Saw local status change event StatusChangeEvent [timestamp=1739976734828, current=DOWN, previous=UP]
2025-02-19 17:52:14 [DiscoveryClient-InstanceInfoReplicator-%d] INFO  c.netflix.discovery.DiscoveryClient - DiscoveryClient_PRODUCT-SERVICE/host.docker.internal:product-service:8081: registering service...
2025-02-19 17:52:14 [Thread-19] INFO  o.s.b.w.e.tomcat.GracefulShutdown - Commencing graceful shutdown. Waiting for active requests to complete
2025-02-19 17:52:14 [DiscoveryClient-InstanceInfoReplicator-%d] INFO  c.netflix.discovery.DiscoveryClient - DiscoveryClient_PRODUCT-SERVICE/host.docker.internal:product-service:8081 - registration status: 204
2025-02-19 17:52:14 [tomcat-shutdown] INFO  o.s.b.w.e.tomcat.GracefulShutdown - Graceful shutdown complete
2025-02-19 17:52:14 [Thread-19] INFO  o.s.o.j.LocalContainerEntityManagerFactoryBean - Closing JPA EntityManagerFactory for persistence unit 'default'
2025-02-19 17:52:14 [Thread-19] INFO  com.zaxxer.hikari.HikariDataSource - HikariPool-4 - Shutdown initiated...
2025-02-19 17:52:14 [Thread-19] INFO  com.zaxxer.hikari.HikariDataSource - HikariPool-4 - Shutdown completed.
2025-02-19 17:52:14 [Thread-19] INFO  c.netflix.discovery.DiscoveryClient - Shutting down DiscoveryClient ...
2025-02-19 17:52:17 [DiscoveryClient-%d] WARN  c.n.discovery.TimedSupervisorTask - task supervisor shutting down, can't accept the task
2025-02-19 17:52:17 [Thread-19] INFO  c.netflix.discovery.DiscoveryClient - Unregistering ...
2025-02-19 17:52:17 [Thread-19] INFO  c.netflix.discovery.DiscoveryClient - DiscoveryClient_PRODUCT-SERVICE/host.docker.internal:product-service:8081 - deregister  status: 200
2025-02-19 17:52:17 [Thread-19] INFO  c.netflix.discovery.DiscoveryClient - Completed shut down of DiscoveryClient
2025-02-19 17:52:18 [restartedMain] INFO  c.s.p.ProductServiceApplication - Starting ProductServiceApplication using Java 17.0.13 with PID 28440 (C:\Java\ecommerce-spring\product-service\target\classes started by oguzhan in C:\Java\ecommerce-spring)
2025-02-19 17:52:18 [restartedMain] INFO  c.s.p.ProductServiceApplication - No active profile set, falling back to 1 default profile: "default"
2025-02-19 17:52:18 [restartedMain] INFO  o.s.d.r.c.RepositoryConfigurationDelegate - Multiple Spring Data modules found, entering strict repository configuration mode
2025-02-19 17:52:18 [restartedMain] INFO  o.s.d.r.c.RepositoryConfigurationDelegate - Bootstrapping Spring Data JPA repositories in DEFAULT mode.
2025-02-19 17:52:18 [restartedMain] INFO  o.s.d.r.c.RepositoryConfigurationDelegate - Finished Spring Data repository scanning in 15 ms. Found 4 JPA repository interfaces.
2025-02-19 17:52:18 [restartedMain] INFO  o.s.d.r.c.RepositoryConfigurationDelegate - Multiple Spring Data modules found, entering strict repository configuration mode
2025-02-19 17:52:18 [restartedMain] INFO  o.s.d.r.c.RepositoryConfigurationDelegate - Bootstrapping Spring Data Redis repositories in DEFAULT mode.
2025-02-19 17:52:18 [restartedMain] INFO  o.s.d.r.c.RepositoryConfigurationExtensionSupport - Spring Data Redis - Could not safely identify store assignment for repository candidate interface com.shop.product_service.repository.AttributeRepository; If you want this repository to be a Redis repository, consider annotating your entities with one of these annotations: org.springframework.data.redis.core.RedisHash (preferred), or consider extending one of the following types with your repository: org.springframework.data.keyvalue.repository.KeyValueRepository
2025-02-19 17:52:18 [restartedMain] INFO  o.s.d.r.c.RepositoryConfigurationExtensionSupport - Spring Data Redis - Could not safely identify store assignment for repository candidate interface com.shop.product_service.repository.CategoryRepository; If you want this repository to be a Redis repository, consider annotating your entities with one of these annotations: org.springframework.data.redis.core.RedisHash (preferred), or consider extending one of the following types with your repository: org.springframework.data.keyvalue.repository.KeyValueRepository
2025-02-19 17:52:18 [restartedMain] INFO  o.s.d.r.c.RepositoryConfigurationExtensionSupport - Spring Data Redis - Could not safely identify store assignment for repository candidate interface com.shop.product_service.repository.ProductRepository; If you want this repository to be a Redis repository, consider annotating your entities with one of these annotations: org.springframework.data.redis.core.RedisHash (preferred), or consider extending one of the following types with your repository: org.springframework.data.keyvalue.repository.KeyValueRepository
2025-02-19 17:52:18 [restartedMain] INFO  o.s.d.r.c.RepositoryConfigurationExtensionSupport - Spring Data Redis - Could not safely identify store assignment for repository candidate interface com.shop.product_service.repository.SubCategoryRepository; If you want this repository to be a Redis repository, consider annotating your entities with one of these annotations: org.springframework.data.redis.core.RedisHash (preferred), or consider extending one of the following types with your repository: org.springframework.data.keyvalue.repository.KeyValueRepository
2025-02-19 17:52:18 [restartedMain] INFO  o.s.d.r.c.RepositoryConfigurationDelegate - Finished Spring Data repository scanning in 4 ms. Found 0 Redis repository interfaces.
2025-02-19 17:52:18 [restartedMain] INFO  o.s.cloud.context.scope.GenericScope - BeanFactory id=d8b7ac88-c98b-3053-8338-f3ca71f8481d
2025-02-19 17:52:18 [restartedMain] INFO  o.s.b.w.e.tomcat.TomcatWebServer - Tomcat initialized with port 8081 (http)
2025-02-19 17:52:18 [restartedMain] INFO  o.a.catalina.core.StandardService - Starting service [Tomcat]
2025-02-19 17:52:18 [restartedMain] INFO  o.a.catalina.core.StandardEngine - Starting Servlet engine: [Apache Tomcat/10.1.34]
2025-02-19 17:52:18 [restartedMain] INFO  o.a.c.c.C.[Tomcat].[localhost].[/] - Initializing Spring embedded WebApplicationContext
2025-02-19 17:52:18 [restartedMain] INFO  o.s.b.w.s.c.ServletWebServerApplicationContext - Root WebApplicationContext: initialization completed in 619 ms
2025-02-19 17:52:18 [restartedMain] INFO  o.h.jpa.internal.util.LogHelper - HHH000204: Processing PersistenceUnitInfo [name: default]
2025-02-19 17:52:18 [restartedMain] INFO  o.h.c.i.RegionFactoryInitiator - HHH000026: Second-level cache disabled
2025-02-19 17:52:18 [restartedMain] INFO  o.s.o.j.p.SpringPersistenceUnitInfo - No LoadTimeWeaver setup: ignoring JPA class transformer
2025-02-19 17:52:18 [restartedMain] INFO  com.zaxxer.hikari.HikariDataSource - HikariPool-5 - Starting...
2025-02-19 17:52:18 [restartedMain] INFO  com.zaxxer.hikari.pool.HikariPool - HikariPool-5 - Added connection org.postgresql.jdbc.PgConnection@1111fa30
2025-02-19 17:52:18 [restartedMain] INFO  com.zaxxer.hikari.HikariDataSource - HikariPool-5 - Start completed.
2025-02-19 17:52:18 [restartedMain] WARN  org.hibernate.orm.deprecation - HHH90000025: PostgreSQLDialect does not need to be specified explicitly using 'hibernate.dialect' (remove the property setting and it will be selected by default)
2025-02-19 17:52:18 [restartedMain] INFO  o.hibernate.orm.connections.pooling - HHH10001005: Database info:
	Database JDBC URL [Connecting through datasource 'HikariDataSource (HikariPool-5)']
	Database driver: undefined/unknown
	Database version: 16.2
	Autocommit mode: undefined/unknown
	Isolation level: undefined/unknown
	Minimum pool size: undefined/unknown
	Maximum pool size: undefined/unknown
2025-02-19 17:52:18 [restartedMain] INFO  o.h.e.t.j.p.i.JtaPlatformInitiator - HHH000489: No JTA platform available (set 'hibernate.transaction.jta.platform' to enable JTA platform integration)
2025-02-19 17:52:19 [restartedMain] INFO  o.s.o.j.LocalContainerEntityManagerFactoryBean - Initialized JPA EntityManagerFactory for persistence unit 'default'
2025-02-19 17:52:19 [restartedMain] WARN  o.s.b.a.o.j.JpaBaseConfiguration$JpaWebConfiguration - spring.jpa.open-in-view is enabled by default. Therefore, database queries may be performed during view rendering. Explicitly configure spring.jpa.open-in-view to disable this warning
2025-02-19 17:52:19 [restartedMain] INFO  o.s.v.b.OptionalValidatorFactoryBean - Failed to set up a Bean Validation provider: jakarta.validation.NoProviderFoundException: Unable to create a Configuration, because no Jakarta Bean Validation provider could be found. Add a provider like Hibernate Validator (RI) to your classpath.
2025-02-19 17:52:20 [restartedMain] WARN  o.s.b.d.a.OptionalLiveReloadServer - Unable to start LiveReload server
2025-02-19 17:52:20 [restartedMain] INFO  o.s.c.n.e.c.DiscoveryClientOptionalArgsConfiguration - Eureka HTTP Client uses RestTemplate.
2025-02-19 17:52:20 [restartedMain] WARN  o.s.c.l.c.LoadBalancerCacheAutoConfiguration$LoadBalancerCaffeineWarnLogger - Spring Cloud LoadBalancer is currently working with the default cache. While this cache implementation is useful for development and tests, it's recommended to use Caffeine cache in production.You can switch to using Caffeine cache, by adding it and org.springframework.cache.caffeine.CaffeineCacheManager to the classpath.
2025-02-19 17:52:20 [restartedMain] INFO  o.s.b.a.e.web.EndpointLinksResolver - Exposing 19 endpoints beneath base path '/actuator'
2025-02-19 17:52:20 [restartedMain] INFO  o.s.c.n.eureka.InstanceInfoFactory - Setting initial instance status as: STARTING
2025-02-19 17:52:20 [restartedMain] INFO  c.netflix.discovery.DiscoveryClient - Initializing Eureka in region us-east-1
2025-02-19 17:52:20 [restartedMain] INFO  c.n.d.s.r.aws.ConfigClusterResolver - Resolving eureka endpoints via configuration
2025-02-19 17:52:20 [restartedMain] INFO  c.netflix.discovery.DiscoveryClient - Disable delta property : false
2025-02-19 17:52:20 [restartedMain] INFO  c.netflix.discovery.DiscoveryClient - Single vip registry refresh property : null
2025-02-19 17:52:20 [restartedMain] INFO  c.netflix.discovery.DiscoveryClient - Force full registry fetch : false
2025-02-19 17:52:20 [restartedMain] INFO  c.netflix.discovery.DiscoveryClient - Application is null : false
2025-02-19 17:52:20 [restartedMain] INFO  c.netflix.discovery.DiscoveryClient - Registered Applications size is zero : true
2025-02-19 17:52:20 [restartedMain] INFO  c.netflix.discovery.DiscoveryClient - Application version is -1: true
2025-02-19 17:52:20 [restartedMain] INFO  c.netflix.discovery.DiscoveryClient - Getting all instance registry info from the eureka server
2025-02-19 17:52:20 [restartedMain] INFO  c.netflix.discovery.DiscoveryClient - The response status is 200
2025-02-19 17:52:20 [restartedMain] INFO  c.netflix.discovery.DiscoveryClient - Starting heartbeat executor: renew interval is: 30
2025-02-19 17:52:20 [restartedMain] INFO  c.n.discovery.InstanceInfoReplicator - InstanceInfoReplicator onDemand update allowed rate per min is 4
2025-02-19 17:52:20 [restartedMain] INFO  c.netflix.discovery.DiscoveryClient - Discovery Client initialized at timestamp 1739976740282 with initial instances count: 7
2025-02-19 17:52:20 [restartedMain] INFO  o.s.c.n.e.s.EurekaServiceRegistry - Registering application PRODUCT-SERVICE with eureka with status UP
2025-02-19 17:52:20 [restartedMain] INFO  c.netflix.discovery.DiscoveryClient - Saw local status change event StatusChangeEvent [timestamp=1739976740286, current=UP, previous=STARTING]
2025-02-19 17:52:20 [DiscoveryClient-InstanceInfoReplicator-%d] INFO  c.netflix.discovery.DiscoveryClient - DiscoveryClient_PRODUCT-SERVICE/host.docker.internal:product-service:8081: registering service...
2025-02-19 17:52:20 [restartedMain] INFO  o.s.b.w.e.tomcat.TomcatWebServer - Tomcat started on port 8081 (http) with context path '/'
2025-02-19 17:52:20 [restartedMain] INFO  o.s.c.n.e.s.EurekaAutoServiceRegistration - Updating port to 8081
2025-02-19 17:52:20 [DiscoveryClient-InstanceInfoReplicator-%d] INFO  c.netflix.discovery.DiscoveryClient - DiscoveryClient_PRODUCT-SERVICE/host.docker.internal:product-service:8081 - registration status: 204
2025-02-19 17:52:20 [restartedMain] INFO  c.s.p.ProductServiceApplication - Started ProductServiceApplication in 2.317 seconds (process running for 6040.898)
2025-02-19 17:52:20 [restartedMain] INFO  o.s.b.d.a.ConditionEvaluationDeltaLoggingListener - Condition evaluation unchanged
2025-02-19 17:52:31 [http-nio-8081-exec-1] INFO  o.a.c.c.C.[Tomcat].[localhost].[/] - Initializing Spring DispatcherServlet 'dispatcherServlet'
2025-02-19 17:52:31 [http-nio-8081-exec-1] INFO  o.s.web.servlet.DispatcherServlet - Initializing Servlet 'dispatcherServlet'
2025-02-19 17:52:31 [http-nio-8081-exec-1] INFO  o.s.web.servlet.DispatcherServlet - Completed initialization in 1 ms
2025-02-19 17:55:37 [SpringApplicationShutdownHook] INFO  o.s.c.n.e.s.EurekaServiceRegistry - Unregistering application PRODUCT-SERVICE with eureka with status DOWN
2025-02-19 17:55:37 [SpringApplicationShutdownHook] INFO  c.netflix.discovery.DiscoveryClient - Saw local status change event StatusChangeEvent [timestamp=1739976937259, current=DOWN, previous=UP]
2025-02-19 17:55:37 [DiscoveryClient-InstanceInfoReplicator-%d] INFO  c.netflix.discovery.DiscoveryClient - DiscoveryClient_PRODUCT-SERVICE/host.docker.internal:product-service:8081: registering service...
2025-02-19 17:55:37 [SpringApplicationShutdownHook] INFO  o.s.b.w.e.tomcat.GracefulShutdown - Commencing graceful shutdown. Waiting for active requests to complete
2025-02-19 17:55:37 [DiscoveryClient-InstanceInfoReplicator-%d] INFO  c.netflix.discovery.DiscoveryClient - DiscoveryClient_PRODUCT-SERVICE/host.docker.internal:product-service:8081 - registration status: 204
2025-02-19 17:55:37 [tomcat-shutdown] INFO  o.s.b.w.e.tomcat.GracefulShutdown - Graceful shutdown complete
2025-02-19 17:55:37 [SpringApplicationShutdownHook] INFO  o.s.o.j.LocalContainerEntityManagerFactoryBean - Closing JPA EntityManagerFactory for persistence unit 'default'
2025-02-19 17:55:37 [SpringApplicationShutdownHook] INFO  com.zaxxer.hikari.HikariDataSource - HikariPool-5 - Shutdown initiated...
2025-02-19 17:55:37 [SpringApplicationShutdownHook] INFO  com.zaxxer.hikari.HikariDataSource - HikariPool-5 - Shutdown completed.
2025-02-19 17:55:37 [SpringApplicationShutdownHook] INFO  c.netflix.discovery.DiscoveryClient - Shutting down DiscoveryClient ...
2025-02-19 17:55:40 [SpringApplicationShutdownHook] INFO  c.netflix.discovery.DiscoveryClient - Unregistering ...
2025-02-19 17:55:40 [SpringApplicationShutdownHook] INFO  c.netflix.discovery.DiscoveryClient - DiscoveryClient_PRODUCT-SERVICE/host.docker.internal:product-service:8081 - deregister  status: 200
2025-02-19 17:55:40 [SpringApplicationShutdownHook] INFO  c.netflix.discovery.DiscoveryClient - Completed shut down of DiscoveryClient
2025-02-19 17:55:48 [restartedMain] INFO  c.s.p.ProductServiceApplication - Starting ProductServiceApplication using Java 17.0.13 with PID 25076 (C:\Java\ecommerce-spring\product-service\target\classes started by oguzhan in C:\Java\ecommerce-spring)
2025-02-19 17:55:48 [restartedMain] INFO  c.s.p.ProductServiceApplication - No active profile set, falling back to 1 default profile: "default"
2025-02-19 17:55:48 [restartedMain] INFO  o.s.b.d.e.DevToolsPropertyDefaultsPostProcessor - Devtools property defaults active! Set 'spring.devtools.add-properties' to 'false' to disable
2025-02-19 17:55:48 [restartedMain] INFO  o.s.b.d.e.DevToolsPropertyDefaultsPostProcessor - For additional web related logging consider setting the 'logging.level.web' property to 'DEBUG'
2025-02-19 17:55:49 [restartedMain] INFO  o.s.d.r.c.RepositoryConfigurationDelegate - Multiple Spring Data modules found, entering strict repository configuration mode
2025-02-19 17:55:49 [restartedMain] INFO  o.s.d.r.c.RepositoryConfigurationDelegate - Bootstrapping Spring Data JPA repositories in DEFAULT mode.
2025-02-19 17:55:49 [restartedMain] INFO  o.s.d.r.c.RepositoryConfigurationDelegate - Finished Spring Data repository scanning in 117 ms. Found 4 JPA repository interfaces.
2025-02-19 17:55:49 [restartedMain] INFO  o.s.d.r.c.RepositoryConfigurationDelegate - Multiple Spring Data modules found, entering strict repository configuration mode
2025-02-19 17:55:49 [restartedMain] INFO  o.s.d.r.c.RepositoryConfigurationDelegate - Bootstrapping Spring Data Redis repositories in DEFAULT mode.
2025-02-19 17:55:49 [restartedMain] INFO  o.s.d.r.c.RepositoryConfigurationExtensionSupport - Spring Data Redis - Could not safely identify store assignment for repository candidate interface com.shop.product_service.repository.AttributeRepository; If you want this repository to be a Redis repository, consider annotating your entities with one of these annotations: org.springframework.data.redis.core.RedisHash (preferred), or consider extending one of the following types with your repository: org.springframework.data.keyvalue.repository.KeyValueRepository
2025-02-19 17:55:49 [restartedMain] INFO  o.s.d.r.c.RepositoryConfigurationExtensionSupport - Spring Data Redis - Could not safely identify store assignment for repository candidate interface com.shop.product_service.repository.CategoryRepository; If you want this repository to be a Redis repository, consider annotating your entities with one of these annotations: org.springframework.data.redis.core.RedisHash (preferred), or consider extending one of the following types with your repository: org.springframework.data.keyvalue.repository.KeyValueRepository
2025-02-19 17:55:49 [restartedMain] INFO  o.s.d.r.c.RepositoryConfigurationExtensionSupport - Spring Data Redis - Could not safely identify store assignment for repository candidate interface com.shop.product_service.repository.ProductRepository; If you want this repository to be a Redis repository, consider annotating your entities with one of these annotations: org.springframework.data.redis.core.RedisHash (preferred), or consider extending one of the following types with your repository: org.springframework.data.keyvalue.repository.KeyValueRepository
2025-02-19 17:55:49 [restartedMain] INFO  o.s.d.r.c.RepositoryConfigurationExtensionSupport - Spring Data Redis - Could not safely identify store assignment for repository candidate interface com.shop.product_service.repository.SubCategoryRepository; If you want this repository to be a Redis repository, consider annotating your entities with one of these annotations: org.springframework.data.redis.core.RedisHash (preferred), or consider extending one of the following types with your repository: org.springframework.data.keyvalue.repository.KeyValueRepository
2025-02-19 17:55:49 [restartedMain] INFO  o.s.d.r.c.RepositoryConfigurationDelegate - Finished Spring Data repository scanning in 8 ms. Found 0 Redis repository interfaces.
2025-02-19 17:55:49 [restartedMain] INFO  o.s.cloud.context.scope.GenericScope - BeanFactory id=d8b7ac88-c98b-3053-8338-f3ca71f8481d
2025-02-19 17:55:50 [restartedMain] INFO  o.s.b.w.e.tomcat.TomcatWebServer - Tomcat initialized with port 8081 (http)
2025-02-19 17:55:50 [restartedMain] INFO  o.a.catalina.core.StandardService - Starting service [Tomcat]
2025-02-19 17:55:50 [restartedMain] INFO  o.a.catalina.core.StandardEngine - Starting Servlet engine: [Apache Tomcat/10.1.34]
2025-02-19 17:55:50 [restartedMain] INFO  o.a.c.c.C.[Tomcat].[localhost].[/] - Initializing Spring embedded WebApplicationContext
2025-02-19 17:55:50 [restartedMain] INFO  o.s.b.w.s.c.ServletWebServerApplicationContext - Root WebApplicationContext: initialization completed in 2423 ms
2025-02-19 17:55:50 [restartedMain] INFO  o.h.jpa.internal.util.LogHelper - HHH000204: Processing PersistenceUnitInfo [name: default]
2025-02-19 17:55:50 [restartedMain] INFO  org.hibernate.Version - HHH000412: Hibernate ORM core version 6.6.5.Final
2025-02-19 17:55:50 [restartedMain] INFO  o.h.c.i.RegionFactoryInitiator - HHH000026: Second-level cache disabled
2025-02-19 17:55:51 [restartedMain] INFO  o.s.o.j.p.SpringPersistenceUnitInfo - No LoadTimeWeaver setup: ignoring JPA class transformer
2025-02-19 17:55:51 [restartedMain] INFO  com.zaxxer.hikari.HikariDataSource - HikariPool-1 - Starting...
2025-02-19 17:55:51 [restartedMain] INFO  com.zaxxer.hikari.pool.HikariPool - HikariPool-1 - Added connection org.postgresql.jdbc.PgConnection@730175af
2025-02-19 17:55:51 [restartedMain] INFO  com.zaxxer.hikari.HikariDataSource - HikariPool-1 - Start completed.
2025-02-19 17:55:51 [restartedMain] WARN  org.hibernate.orm.deprecation - HHH90000025: PostgreSQLDialect does not need to be specified explicitly using 'hibernate.dialect' (remove the property setting and it will be selected by default)
2025-02-19 17:55:51 [restartedMain] INFO  o.hibernate.orm.connections.pooling - HHH10001005: Database info:
	Database JDBC URL [Connecting through datasource 'HikariDataSource (HikariPool-1)']
	Database driver: undefined/unknown
	Database version: 16.2
	Autocommit mode: undefined/unknown
	Isolation level: undefined/unknown
	Minimum pool size: undefined/unknown
	Maximum pool size: undefined/unknown
2025-02-19 17:55:52 [restartedMain] INFO  o.h.e.t.j.p.i.JtaPlatformInitiator - HHH000489: No JTA platform available (set 'hibernate.transaction.jta.platform' to enable JTA platform integration)
2025-02-19 17:55:52 [restartedMain] INFO  o.s.o.j.LocalContainerEntityManagerFactoryBean - Initialized JPA EntityManagerFactory for persistence unit 'default'
2025-02-19 17:55:53 [restartedMain] WARN  o.s.b.a.o.j.JpaBaseConfiguration$JpaWebConfiguration - spring.jpa.open-in-view is enabled by default. Therefore, database queries may be performed during view rendering. Explicitly configure spring.jpa.open-in-view to disable this warning
2025-02-19 17:55:53 [restartedMain] INFO  o.s.v.b.OptionalValidatorFactoryBean - Failed to set up a Bean Validation provider: jakarta.validation.NoProviderFoundException: Unable to create a Configuration, because no Jakarta Bean Validation provider could be found. Add a provider like Hibernate Validator (RI) to your classpath.
2025-02-19 17:55:54 [restartedMain] WARN  o.s.b.d.a.OptionalLiveReloadServer - Unable to start LiveReload server
2025-02-19 17:55:54 [restartedMain] INFO  o.s.c.n.e.c.DiscoveryClientOptionalArgsConfiguration - Eureka HTTP Client uses RestTemplate.
2025-02-19 17:55:54 [restartedMain] WARN  o.s.c.l.c.LoadBalancerCacheAutoConfiguration$LoadBalancerCaffeineWarnLogger - Spring Cloud LoadBalancer is currently working with the default cache. While this cache implementation is useful for development and tests, it's recommended to use Caffeine cache in production.You can switch to using Caffeine cache, by adding it and org.springframework.cache.caffeine.CaffeineCacheManager to the classpath.
2025-02-19 17:55:54 [restartedMain] INFO  o.s.b.a.e.web.EndpointLinksResolver - Exposing 19 endpoints beneath base path '/actuator'
2025-02-19 17:55:54 [restartedMain] INFO  o.s.c.n.eureka.InstanceInfoFactory - Setting initial instance status as: STARTING
2025-02-19 17:55:54 [restartedMain] INFO  c.netflix.discovery.DiscoveryClient - Initializing Eureka in region us-east-1
2025-02-19 17:55:54 [restartedMain] INFO  c.n.d.s.r.aws.ConfigClusterResolver - Resolving eureka endpoints via configuration
2025-02-19 17:55:54 [restartedMain] INFO  c.netflix.discovery.DiscoveryClient - Disable delta property : false
2025-02-19 17:55:54 [restartedMain] INFO  c.netflix.discovery.DiscoveryClient - Single vip registry refresh property : null
2025-02-19 17:55:54 [restartedMain] INFO  c.netflix.discovery.DiscoveryClient - Force full registry fetch : false
2025-02-19 17:55:54 [restartedMain] INFO  c.netflix.discovery.DiscoveryClient - Application is null : false
2025-02-19 17:55:54 [restartedMain] INFO  c.netflix.discovery.DiscoveryClient - Registered Applications size is zero : true
2025-02-19 17:55:54 [restartedMain] INFO  c.netflix.discovery.DiscoveryClient - Application version is -1: true
2025-02-19 17:55:54 [restartedMain] INFO  c.netflix.discovery.DiscoveryClient - Getting all instance registry info from the eureka server
2025-02-19 17:55:55 [restartedMain] INFO  c.netflix.discovery.DiscoveryClient - The response status is 200
2025-02-19 17:55:55 [restartedMain] INFO  c.netflix.discovery.DiscoveryClient - Starting heartbeat executor: renew interval is: 30
2025-02-19 17:55:55 [restartedMain] INFO  c.n.discovery.InstanceInfoReplicator - InstanceInfoReplicator onDemand update allowed rate per min is 4
2025-02-19 17:55:55 [restartedMain] INFO  c.netflix.discovery.DiscoveryClient - Discovery Client initialized at timestamp 1739976955207 with initial instances count: 7
2025-02-19 17:55:55 [restartedMain] INFO  o.s.c.n.e.s.EurekaServiceRegistry - Registering application PRODUCT-SERVICE with eureka with status UP
2025-02-19 17:55:55 [restartedMain] INFO  c.netflix.discovery.DiscoveryClient - Saw local status change event StatusChangeEvent [timestamp=1739976955214, current=UP, previous=STARTING]
2025-02-19 17:55:55 [DiscoveryClient-InstanceInfoReplicator-%d] INFO  c.netflix.discovery.DiscoveryClient - DiscoveryClient_PRODUCT-SERVICE/host.docker.internal:product-service:8081: registering service...
2025-02-19 17:55:55 [restartedMain] INFO  o.s.b.w.e.tomcat.TomcatWebServer - Tomcat started on port 8081 (http) with context path '/'
2025-02-19 17:55:55 [restartedMain] INFO  o.s.c.n.e.s.EurekaAutoServiceRegistration - Updating port to 8081
2025-02-19 17:55:55 [DiscoveryClient-InstanceInfoReplicator-%d] INFO  c.netflix.discovery.DiscoveryClient - DiscoveryClient_PRODUCT-SERVICE/host.docker.internal:product-service:8081 - registration status: 204
2025-02-19 17:55:55 [restartedMain] INFO  c.s.p.ProductServiceApplication - Started ProductServiceApplication in 7.806 seconds (process running for 8.48)
2025-02-19 17:55:55 [RMI TCP Connection(1)-192.168.1.127] INFO  o.a.c.c.C.[Tomcat].[localhost].[/] - Initializing Spring DispatcherServlet 'dispatcherServlet'
2025-02-19 17:55:55 [RMI TCP Connection(2)-192.168.1.127] INFO  o.s.a.r.c.CachingConnectionFactory - Attempting to connect to: [localhost:5672]
2025-02-19 17:55:55 [RMI TCP Connection(1)-192.168.1.127] INFO  o.s.web.servlet.DispatcherServlet - Initializing Servlet 'dispatcherServlet'
2025-02-19 17:55:55 [RMI TCP Connection(1)-192.168.1.127] INFO  o.s.web.servlet.DispatcherServlet - Completed initialization in 2 ms
2025-02-19 17:55:55 [RMI TCP Connection(2)-192.168.1.127] INFO  o.s.a.r.c.CachingConnectionFactory - Created new connection: rabbitConnectionFactory#d94ed7b:0/SimpleConnection@502a5aa8 [delegate=amqp://guest@127.0.0.1:5672/, localPort=58715]
2025-02-19 17:55:55 [RMI TCP Connection(2)-192.168.1.127] INFO  o.s.amqp.rabbit.core.RabbitAdmin - Auto-declaring a non-durable, auto-delete, or exclusive Queue (product-search-queue) durable:false, auto-delete:false, exclusive:false. It will be redeclared if the broker stops and is restarted while the connection factory is alive, but all messages will be lost.
2025-02-19 17:55:55 [RMI TCP Connection(2)-192.168.1.127] INFO  o.s.amqp.rabbit.core.RabbitAdmin - Auto-declaring a non-durable, auto-delete, or exclusive Queue (product-update-search-queue) durable:false, auto-delete:false, exclusive:false. It will be redeclared if the broker stops and is restarted while the connection factory is alive, but all messages will be lost.
2025-02-19 17:55:55 [RMI TCP Connection(2)-192.168.1.127] INFO  o.s.amqp.rabbit.core.RabbitAdmin - Auto-declaring a non-durable, auto-delete, or exclusive Queue (product-delete-search-queue) durable:false, auto-delete:false, exclusive:false. It will be redeclared if the broker stops and is restarted while the connection factory is alive, but all messages will be lost.
2025-02-19 17:55:55 [boundedElastic-1] WARN  o.s.b.a.d.r.RedisReactiveHealthIndicator - Redis health check failed
org.springframework.data.redis.RedisConnectionFailureException: Unable to connect to Redis
	at org.springframework.data.redis.connection.lettuce.LettuceConnectionFactory$ExceptionTranslatingConnectionProvider.translateException(LettuceConnectionFactory.java:1858)
	at org.springframework.data.redis.connection.lettuce.LettuceConnectionFactory$ExceptionTranslatingConnectionProvider.getConnection(LettuceConnectionFactory.java:1789)
	at org.springframework.data.redis.connection.lettuce.LettuceConnectionFactory$SharedConnection.getNativeConnection(LettuceConnectionFactory.java:1586)
	at org.springframework.data.redis.connection.lettuce.LettuceConnectionFactory$SharedConnection.lambda$getConnection$0(LettuceConnectionFactory.java:1566)
	at org.springframework.data.redis.connection.lettuce.LettuceConnectionFactory.doInLock(LettuceConnectionFactory.java:1527)
	at org.springframework.data.redis.connection.lettuce.LettuceConnectionFactory$SharedConnection.getConnection(LettuceConnectionFactory.java:1563)
	at org.springframework.data.redis.connection.lettuce.LettuceConnectionFactory.getSharedReactiveConnection(LettuceConnectionFactory.java:1274)
	at org.springframework.data.redis.connection.lettuce.LettuceConnectionFactory.getReactiveConnection(LettuceConnectionFactory.java:1149)
	at org.springframework.data.redis.connection.lettuce.LettuceConnectionFactory.getReactiveConnection(LettuceConnectionFactory.java:120)
	at reactor.core.publisher.MonoSupplier.call(MonoSupplier.java:67)
	at reactor.core.publisher.FluxSubscribeOnCallable$CallableSubscribeOnSubscription.run(FluxSubscribeOnCallable.java:228)
	at reactor.core.scheduler.SchedulerTask.call(SchedulerTask.java:68)
	at reactor.core.scheduler.SchedulerTask.call(SchedulerTask.java:28)
	at java.base/java.util.concurrent.FutureTask.run(FutureTask.java:264)
	at java.base/java.util.concurrent.ScheduledThreadPoolExecutor$ScheduledFutureTask.run(ScheduledThreadPoolExecutor.java:304)
	at java.base/java.util.concurrent.ThreadPoolExecutor.runWorker(ThreadPoolExecutor.java:1136)
	at java.base/java.util.concurrent.ThreadPoolExecutor$Worker.run(ThreadPoolExecutor.java:635)
	at java.base/java.lang.Thread.run(Thread.java:840)
Caused by: io.lettuce.core.RedisConnectionException: Unable to connect to localhost/<unresolved>:6379
	at io.lettuce.core.RedisConnectionException.create(RedisConnectionException.java:63)
	at io.lettuce.core.RedisConnectionException.create(RedisConnectionException.java:41)
	at io.lettuce.core.AbstractRedisClient.getConnection(AbstractRedisClient.java:354)
	at io.lettuce.core.RedisClient.connect(RedisClient.java:219)
	at org.springframework.data.redis.connection.lettuce.StandaloneConnectionProvider.lambda$getConnection$1(StandaloneConnectionProvider.java:112)
	at java.base/java.util.Optional.orElseGet(Optional.java:364)
	at org.springframework.data.redis.connection.lettuce.StandaloneConnectionProvider.getConnection(StandaloneConnectionProvider.java:112)
	at org.springframework.data.redis.connection.lettuce.LettuceConnectionFactory$ExceptionTranslatingConnectionProvider.getConnection(LettuceConnectionFactory.java:1787)
	... 16 common frames omitted
Caused by: io.netty.channel.AbstractChannel$AnnotatedConnectException: Connection refused: getsockopt: localhost/127.0.0.1:6379
Caused by: java.net.ConnectException: Connection refused: getsockopt
	at java.base/sun.nio.ch.Net.pollConnect(Native Method)
	at java.base/sun.nio.ch.Net.pollConnectNow(Net.java:672)
	at java.base/sun.nio.ch.SocketChannelImpl.finishConnect(SocketChannelImpl.java:946)
	at io.netty.channel.socket.nio.NioSocketChannel.doFinishConnect(NioSocketChannel.java:336)
	at io.netty.channel.nio.AbstractNioChannel$AbstractNioUnsafe.finishConnect(AbstractNioChannel.java:339)
	at io.netty.channel.nio.NioEventLoop.processSelectedKey(NioEventLoop.java:776)
	at io.netty.channel.nio.NioEventLoop.processSelectedKeysOptimized(NioEventLoop.java:724)
	at io.netty.channel.nio.NioEventLoop.processSelectedKeys(NioEventLoop.java:650)
	at io.netty.channel.nio.NioEventLoop.run(NioEventLoop.java:562)
	at io.netty.util.concurrent.SingleThreadEventExecutor$4.run(SingleThreadEventExecutor.java:997)
	at io.netty.util.internal.ThreadExecutorMap$2.run(ThreadExecutorMap.java:74)
	at io.netty.util.concurrent.FastThreadLocalRunnable.run(FastThreadLocalRunnable.java:30)
	at java.base/java.lang.Thread.run(Thread.java:840)
2025-02-19 18:00:54 [AsyncResolver-bootstrap-executor-%d] INFO  c.n.d.s.r.aws.ConfigClusterResolver - Resolving eureka endpoints via configuration
2025-02-19 18:02:35 [File Watcher] INFO  o.s.b.d.a.LocalDevToolsAutoConfiguration$RestartingClassPathChangeChangedEventListener - Restarting due to 1 class path change (0 additions, 0 deletions, 1 modification)
2025-02-19 18:02:35 [Thread-1] INFO  o.s.c.n.e.s.EurekaServiceRegistry - Unregistering application PRODUCT-SERVICE with eureka with status DOWN
2025-02-19 18:02:35 [Thread-1] INFO  c.netflix.discovery.DiscoveryClient - Saw local status change event StatusChangeEvent [timestamp=1739977355870, current=DOWN, previous=UP]
2025-02-19 18:02:35 [DiscoveryClient-InstanceInfoReplicator-%d] INFO  c.netflix.discovery.DiscoveryClient - DiscoveryClient_PRODUCT-SERVICE/host.docker.internal:product-service:8081: registering service...
2025-02-19 18:02:35 [Thread-1] INFO  o.s.b.w.e.tomcat.GracefulShutdown - Commencing graceful shutdown. Waiting for active requests to complete
2025-02-19 18:02:35 [DiscoveryClient-InstanceInfoReplicator-%d] INFO  c.netflix.discovery.DiscoveryClient - DiscoveryClient_PRODUCT-SERVICE/host.docker.internal:product-service:8081 - registration status: 204
2025-02-19 18:02:36 [tomcat-shutdown] INFO  o.s.b.w.e.tomcat.GracefulShutdown - Graceful shutdown complete
2025-02-19 18:02:36 [Thread-1] INFO  o.s.o.j.LocalContainerEntityManagerFactoryBean - Closing JPA EntityManagerFactory for persistence unit 'default'
2025-02-19 18:02:36 [Thread-1] INFO  com.zaxxer.hikari.HikariDataSource - HikariPool-1 - Shutdown initiated...
2025-02-19 18:02:36 [Thread-1] INFO  com.zaxxer.hikari.HikariDataSource - HikariPool-1 - Shutdown completed.
2025-02-19 18:02:36 [Thread-1] INFO  c.netflix.discovery.DiscoveryClient - Shutting down DiscoveryClient ...
2025-02-19 18:02:39 [Thread-1] INFO  c.netflix.discovery.DiscoveryClient - Unregistering ...
2025-02-19 18:02:39 [Thread-1] INFO  c.netflix.discovery.DiscoveryClient - DiscoveryClient_PRODUCT-SERVICE/host.docker.internal:product-service:8081 - deregister  status: 200
2025-02-19 18:02:39 [Thread-1] INFO  c.netflix.discovery.DiscoveryClient - Completed shut down of DiscoveryClient
2025-02-19 18:02:39 [restartedMain] INFO  c.s.p.ProductServiceApplication - Starting ProductServiceApplication using Java 17.0.13 with PID 25076 (C:\Java\ecommerce-spring\product-service\target\classes started by oguzhan in C:\Java\ecommerce-spring)
2025-02-19 18:02:39 [restartedMain] INFO  c.s.p.ProductServiceApplication - No active profile set, falling back to 1 default profile: "default"
2025-02-19 18:02:39 [restartedMain] INFO  o.s.d.r.c.RepositoryConfigurationDelegate - Multiple Spring Data modules found, entering strict repository configuration mode
2025-02-19 18:02:39 [restartedMain] INFO  o.s.d.r.c.RepositoryConfigurationDelegate - Bootstrapping Spring Data JPA repositories in DEFAULT mode.
2025-02-19 18:02:39 [restartedMain] INFO  o.s.d.r.c.RepositoryConfigurationDelegate - Finished Spring Data repository scanning in 23 ms. Found 4 JPA repository interfaces.
2025-02-19 18:02:39 [restartedMain] INFO  o.s.d.r.c.RepositoryConfigurationDelegate - Multiple Spring Data modules found, entering strict repository configuration mode
2025-02-19 18:02:39 [restartedMain] INFO  o.s.d.r.c.RepositoryConfigurationDelegate - Bootstrapping Spring Data Redis repositories in DEFAULT mode.
2025-02-19 18:02:39 [restartedMain] INFO  o.s.d.r.c.RepositoryConfigurationExtensionSupport - Spring Data Redis - Could not safely identify store assignment for repository candidate interface com.shop.product_service.repository.AttributeRepository; If you want this repository to be a Redis repository, consider annotating your entities with one of these annotations: org.springframework.data.redis.core.RedisHash (preferred), or consider extending one of the following types with your repository: org.springframework.data.keyvalue.repository.KeyValueRepository
2025-02-19 18:02:39 [restartedMain] INFO  o.s.d.r.c.RepositoryConfigurationExtensionSupport - Spring Data Redis - Could not safely identify store assignment for repository candidate interface com.shop.product_service.repository.CategoryRepository; If you want this repository to be a Redis repository, consider annotating your entities with one of these annotations: org.springframework.data.redis.core.RedisHash (preferred), or consider extending one of the following types with your repository: org.springframework.data.keyvalue.repository.KeyValueRepository
2025-02-19 18:02:39 [restartedMain] INFO  o.s.d.r.c.RepositoryConfigurationExtensionSupport - Spring Data Redis - Could not safely identify store assignment for repository candidate interface com.shop.product_service.repository.ProductRepository; If you want this repository to be a Redis repository, consider annotating your entities with one of these annotations: org.springframework.data.redis.core.RedisHash (preferred), or consider extending one of the following types with your repository: org.springframework.data.keyvalue.repository.KeyValueRepository
2025-02-19 18:02:39 [restartedMain] INFO  o.s.d.r.c.RepositoryConfigurationExtensionSupport - Spring Data Redis - Could not safely identify store assignment for repository candidate interface com.shop.product_service.repository.SubCategoryRepository; If you want this repository to be a Redis repository, consider annotating your entities with one of these annotations: org.springframework.data.redis.core.RedisHash (preferred), or consider extending one of the following types with your repository: org.springframework.data.keyvalue.repository.KeyValueRepository
2025-02-19 18:02:39 [restartedMain] INFO  o.s.d.r.c.RepositoryConfigurationDelegate - Finished Spring Data repository scanning in 6 ms. Found 0 Redis repository interfaces.
2025-02-19 18:02:40 [restartedMain] INFO  o.s.cloud.context.scope.GenericScope - BeanFactory id=d8b7ac88-c98b-3053-8338-f3ca71f8481d
2025-02-19 18:02:40 [restartedMain] INFO  o.s.b.w.e.tomcat.TomcatWebServer - Tomcat initialized with port 8081 (http)
2025-02-19 18:02:40 [restartedMain] INFO  o.a.catalina.core.StandardService - Starting service [Tomcat]
2025-02-19 18:02:40 [restartedMain] INFO  o.a.catalina.core.StandardEngine - Starting Servlet engine: [Apache Tomcat/10.1.34]
2025-02-19 18:02:40 [restartedMain] INFO  o.a.c.c.C.[Tomcat].[localhost].[/] - Initializing Spring embedded WebApplicationContext
2025-02-19 18:02:40 [restartedMain] INFO  o.s.b.w.s.c.ServletWebServerApplicationContext - Root WebApplicationContext: initialization completed in 764 ms
2025-02-19 18:02:40 [restartedMain] INFO  o.h.jpa.internal.util.LogHelper - HHH000204: Processing PersistenceUnitInfo [name: default]
2025-02-19 18:02:40 [restartedMain] INFO  o.h.c.i.RegionFactoryInitiator - HHH000026: Second-level cache disabled
2025-02-19 18:02:40 [restartedMain] INFO  o.s.o.j.p.SpringPersistenceUnitInfo - No LoadTimeWeaver setup: ignoring JPA class transformer
2025-02-19 18:02:40 [restartedMain] INFO  com.zaxxer.hikari.HikariDataSource - HikariPool-2 - Starting...
2025-02-19 18:02:40 [restartedMain] INFO  com.zaxxer.hikari.pool.HikariPool - HikariPool-2 - Added connection org.postgresql.jdbc.PgConnection@474b1253
2025-02-19 18:02:40 [restartedMain] INFO  com.zaxxer.hikari.HikariDataSource - HikariPool-2 - Start completed.
2025-02-19 18:02:40 [restartedMain] WARN  org.hibernate.orm.deprecation - HHH90000025: PostgreSQLDialect does not need to be specified explicitly using 'hibernate.dialect' (remove the property setting and it will be selected by default)
2025-02-19 18:02:40 [restartedMain] INFO  o.hibernate.orm.connections.pooling - HHH10001005: Database info:
	Database JDBC URL [Connecting through datasource 'HikariDataSource (HikariPool-2)']
	Database driver: undefined/unknown
	Database version: 16.2
	Autocommit mode: undefined/unknown
	Isolation level: undefined/unknown
	Minimum pool size: undefined/unknown
	Maximum pool size: undefined/unknown
2025-02-19 18:02:40 [restartedMain] INFO  o.h.e.t.j.p.i.JtaPlatformInitiator - HHH000489: No JTA platform available (set 'hibernate.transaction.jta.platform' to enable JTA platform integration)
2025-02-19 18:02:40 [restartedMain] INFO  o.s.o.j.LocalContainerEntityManagerFactoryBean - Initialized JPA EntityManagerFactory for persistence unit 'default'
2025-02-19 18:02:40 [restartedMain] WARN  o.s.b.a.o.j.JpaBaseConfiguration$JpaWebConfiguration - spring.jpa.open-in-view is enabled by default. Therefore, database queries may be performed during view rendering. Explicitly configure spring.jpa.open-in-view to disable this warning
2025-02-19 18:02:41 [restartedMain] INFO  o.s.v.b.OptionalValidatorFactoryBean - Failed to set up a Bean Validation provider: jakarta.validation.NoProviderFoundException: Unable to create a Configuration, because no Jakarta Bean Validation provider could be found. Add a provider like Hibernate Validator (RI) to your classpath.
2025-02-19 18:02:41 [restartedMain] WARN  o.s.b.d.a.OptionalLiveReloadServer - Unable to start LiveReload server
2025-02-19 18:02:41 [restartedMain] INFO  o.s.c.n.e.c.DiscoveryClientOptionalArgsConfiguration - Eureka HTTP Client uses RestTemplate.
2025-02-19 18:02:41 [restartedMain] WARN  o.s.c.l.c.LoadBalancerCacheAutoConfiguration$LoadBalancerCaffeineWarnLogger - Spring Cloud LoadBalancer is currently working with the default cache. While this cache implementation is useful for development and tests, it's recommended to use Caffeine cache in production.You can switch to using Caffeine cache, by adding it and org.springframework.cache.caffeine.CaffeineCacheManager to the classpath.
2025-02-19 18:02:41 [restartedMain] INFO  o.s.b.a.e.web.EndpointLinksResolver - Exposing 19 endpoints beneath base path '/actuator'
2025-02-19 18:02:41 [restartedMain] INFO  o.s.c.n.eureka.InstanceInfoFactory - Setting initial instance status as: STARTING
2025-02-19 18:02:41 [restartedMain] INFO  c.netflix.discovery.DiscoveryClient - Initializing Eureka in region us-east-1
2025-02-19 18:02:41 [restartedMain] INFO  c.n.d.s.r.aws.ConfigClusterResolver - Resolving eureka endpoints via configuration
2025-02-19 18:02:41 [restartedMain] INFO  c.netflix.discovery.DiscoveryClient - Disable delta property : false
2025-02-19 18:02:41 [restartedMain] INFO  c.netflix.discovery.DiscoveryClient - Single vip registry refresh property : null
2025-02-19 18:02:41 [restartedMain] INFO  c.netflix.discovery.DiscoveryClient - Force full registry fetch : false
2025-02-19 18:02:41 [restartedMain] INFO  c.netflix.discovery.DiscoveryClient - Application is null : false
2025-02-19 18:02:41 [restartedMain] INFO  c.netflix.discovery.DiscoveryClient - Registered Applications size is zero : true
2025-02-19 18:02:41 [restartedMain] INFO  c.netflix.discovery.DiscoveryClient - Application version is -1: true
2025-02-19 18:02:41 [restartedMain] INFO  c.netflix.discovery.DiscoveryClient - Getting all instance registry info from the eureka server
2025-02-19 18:02:41 [restartedMain] INFO  c.netflix.discovery.DiscoveryClient - The response status is 200
2025-02-19 18:02:41 [restartedMain] INFO  c.netflix.discovery.DiscoveryClient - Starting heartbeat executor: renew interval is: 30
2025-02-19 18:02:41 [restartedMain] INFO  c.n.discovery.InstanceInfoReplicator - InstanceInfoReplicator onDemand update allowed rate per min is 4
2025-02-19 18:02:41 [restartedMain] INFO  c.netflix.discovery.DiscoveryClient - Discovery Client initialized at timestamp 1739977361928 with initial instances count: 7
2025-02-19 18:02:41 [restartedMain] INFO  o.s.c.n.e.s.EurekaServiceRegistry - Registering application PRODUCT-SERVICE with eureka with status UP
2025-02-19 18:02:41 [restartedMain] INFO  c.netflix.discovery.DiscoveryClient - Saw local status change event StatusChangeEvent [timestamp=1739977361933, current=UP, previous=STARTING]
2025-02-19 18:02:41 [DiscoveryClient-InstanceInfoReplicator-%d] INFO  c.netflix.discovery.DiscoveryClient - DiscoveryClient_PRODUCT-SERVICE/host.docker.internal:product-service:8081: registering service...
2025-02-19 18:02:41 [restartedMain] INFO  o.s.b.w.e.tomcat.TomcatWebServer - Tomcat started on port 8081 (http) with context path '/'
2025-02-19 18:02:41 [restartedMain] INFO  o.s.c.n.e.s.EurekaAutoServiceRegistration - Updating port to 8081
2025-02-19 18:02:41 [DiscoveryClient-InstanceInfoReplicator-%d] INFO  c.netflix.discovery.DiscoveryClient - DiscoveryClient_PRODUCT-SERVICE/host.docker.internal:product-service:8081 - registration status: 204
2025-02-19 18:02:42 [restartedMain] INFO  c.s.p.ProductServiceApplication - Started ProductServiceApplication in 2.718 seconds (process running for 415.173)
2025-02-19 18:02:42 [restartedMain] INFO  o.s.b.d.a.ConditionEvaluationDeltaLoggingListener - Condition evaluation unchanged
2025-02-19 18:02:47 [http-nio-8081-exec-1] INFO  o.a.c.c.C.[Tomcat].[localhost].[/] - Initializing Spring DispatcherServlet 'dispatcherServlet'
2025-02-19 18:02:47 [http-nio-8081-exec-1] INFO  o.s.web.servlet.DispatcherServlet - Initializing Servlet 'dispatcherServlet'
2025-02-19 18:02:47 [http-nio-8081-exec-1] INFO  o.s.web.servlet.DispatcherServlet - Completed initialization in 2 ms
2025-02-19 18:07:36 [SpringApplicationShutdownHook] INFO  o.s.c.n.e.s.EurekaServiceRegistry - Unregistering application PRODUCT-SERVICE with eureka with status DOWN
2025-02-19 18:07:36 [SpringApplicationShutdownHook] INFO  c.netflix.discovery.DiscoveryClient - Saw local status change event StatusChangeEvent [timestamp=1739977656204, current=DOWN, previous=UP]
2025-02-19 18:07:36 [DiscoveryClient-InstanceInfoReplicator-%d] INFO  c.netflix.discovery.DiscoveryClient - DiscoveryClient_PRODUCT-SERVICE/host.docker.internal:product-service:8081: registering service...
2025-02-19 18:07:36 [SpringApplicationShutdownHook] INFO  o.s.b.w.e.tomcat.GracefulShutdown - Commencing graceful shutdown. Waiting for active requests to complete
2025-02-19 18:07:36 [DiscoveryClient-InstanceInfoReplicator-%d] INFO  c.netflix.discovery.DiscoveryClient - DiscoveryClient_PRODUCT-SERVICE/host.docker.internal:product-service:8081 - registration status: 204
2025-02-19 18:07:36 [tomcat-shutdown] INFO  o.s.b.w.e.tomcat.GracefulShutdown - Graceful shutdown complete
2025-02-19 18:07:36 [SpringApplicationShutdownHook] INFO  o.s.o.j.LocalContainerEntityManagerFactoryBean - Closing JPA EntityManagerFactory for persistence unit 'default'
2025-02-19 18:07:36 [SpringApplicationShutdownHook] INFO  com.zaxxer.hikari.HikariDataSource - HikariPool-2 - Shutdown initiated...
2025-02-19 18:07:36 [SpringApplicationShutdownHook] INFO  com.zaxxer.hikari.HikariDataSource - HikariPool-2 - Shutdown completed.
2025-02-19 18:07:36 [SpringApplicationShutdownHook] INFO  c.netflix.discovery.DiscoveryClient - Shutting down DiscoveryClient ...
2025-02-19 18:07:39 [SpringApplicationShutdownHook] INFO  c.netflix.discovery.DiscoveryClient - Unregistering ...
2025-02-19 18:07:39 [SpringApplicationShutdownHook] INFO  c.netflix.discovery.DiscoveryClient - DiscoveryClient_PRODUCT-SERVICE/host.docker.internal:product-service:8081 - deregister  status: 200
2025-02-19 18:07:39 [SpringApplicationShutdownHook] INFO  c.netflix.discovery.DiscoveryClient - Completed shut down of DiscoveryClient
{ "timestamp": "2025-02-19 18:07:42", "thread": "[restartedMain]", "level": "INFO ", "logger": "c.s.p.ProductServiceApplication", "message": "Starting ProductServiceApplication using Java 17.0.13 with PID 10228 (C:\Java\ecommerce-spring\product-service\target\classes started by oguzhan in C:\Java\ecommerce-spring)" }{ "timestamp": "2025-02-19 18:07:42", "thread": "[restartedMain]", "level": "INFO ", "logger": "c.s.p.ProductServiceApplication", "message": "No active profile set, falling back to 1 default profile: "default"" }{ "timestamp": "2025-02-19 18:07:42", "thread": "[restartedMain]", "level": "INFO ", "logger": "o.s.b.d.e.DevToolsPropertyDefaultsPostProcessor", "message": "Devtools property defaults active! Set 'spring.devtools.add-properties' to 'false' to disable" }{ "timestamp": "2025-02-19 18:07:42", "thread": "[restartedMain]", "level": "INFO ", "logger": "o.s.b.d.e.DevToolsPropertyDefaultsPostProcessor", "message": "For additional web related logging consider setting the 'logging.level.web' property to 'DEBUG'" }{ "timestamp": "2025-02-19 18:07:44", "thread": "[restartedMain]", "level": "INFO ", "logger": "o.s.d.r.c.RepositoryConfigurationDelegate", "message": "Multiple Spring Data modules found, entering strict repository configuration mode" }{ "timestamp": "2025-02-19 18:07:44", "thread": "[restartedMain]", "level": "INFO ", "logger": "o.s.d.r.c.RepositoryConfigurationDelegate", "message": "Bootstrapping Spring Data JPA repositories in DEFAULT mode." }{ "timestamp": "2025-02-19 18:07:44", "thread": "[restartedMain]", "level": "INFO ", "logger": "o.s.d.r.c.RepositoryConfigurationDelegate", "message": "Finished Spring Data repository scanning in 117 ms. Found 4 JPA repository interfaces." }{ "timestamp": "2025-02-19 18:07:44", "thread": "[restartedMain]", "level": "INFO ", "logger": "o.s.d.r.c.RepositoryConfigurationDelegate", "message": "Multiple Spring Data modules found, entering strict repository configuration mode" }{ "timestamp": "2025-02-19 18:07:44", "thread": "[restartedMain]", "level": "INFO ", "logger": "o.s.d.r.c.RepositoryConfigurationDelegate", "message": "Bootstrapping Spring Data Redis repositories in DEFAULT mode." }{ "timestamp": "2025-02-19 18:07:44", "thread": "[restartedMain]", "level": "INFO ", "logger": "o.s.d.r.c.RepositoryConfigurationExtensionSupport", "message": "Spring Data Redis - Could not safely identify store assignment for repository candidate interface com.shop.product_service.repository.AttributeRepository; If you want this repository to be a Redis repository, consider annotating your entities with one of these annotations: org.springframework.data.redis.core.RedisHash (preferred), or consider extending one of the following types with your repository: org.springframework.data.keyvalue.repository.KeyValueRepository" }{ "timestamp": "2025-02-19 18:07:44", "thread": "[restartedMain]", "level": "INFO ", "logger": "o.s.d.r.c.RepositoryConfigurationExtensionSupport", "message": "Spring Data Redis - Could not safely identify store assignment for repository candidate interface com.shop.product_service.repository.CategoryRepository; If you want this repository to be a Redis repository, consider annotating your entities with one of these annotations: org.springframework.data.redis.core.RedisHash (preferred), or consider extending one of the following types with your repository: org.springframework.data.keyvalue.repository.KeyValueRepository" }{ "timestamp": "2025-02-19 18:07:44", "thread": "[restartedMain]", "level": "INFO ", "logger": "o.s.d.r.c.RepositoryConfigurationExtensionSupport", "message": "Spring Data Redis - Could not safely identify store assignment for repository candidate interface com.shop.product_service.repository.ProductRepository; If you want this repository to be a Redis repository, consider annotating your entities with one of these annotations: org.springframework.data.redis.core.RedisHash (preferred), or consider extending one of the following types with your repository: org.springframework.data.keyvalue.repository.KeyValueRepository" }{ "timestamp": "2025-02-19 18:07:44", "thread": "[restartedMain]", "level": "INFO ", "logger": "o.s.d.r.c.RepositoryConfigurationExtensionSupport", "message": "Spring Data Redis - Could not safely identify store assignment for repository candidate interface com.shop.product_service.repository.SubCategoryRepository; If you want this repository to be a Redis repository, consider annotating your entities with one of these annotations: org.springframework.data.redis.core.RedisHash (preferred), or consider extending one of the following types with your repository: org.springframework.data.keyvalue.repository.KeyValueRepository" }{ "timestamp": "2025-02-19 18:07:44", "thread": "[restartedMain]", "level": "INFO ", "logger": "o.s.d.r.c.RepositoryConfigurationDelegate", "message": "Finished Spring Data repository scanning in 8 ms. Found 0 Redis repository interfaces." }{ "timestamp": "2025-02-19 18:07:44", "thread": "[restartedMain]", "level": "INFO ", "logger": "o.s.cloud.context.scope.GenericScope", "message": "BeanFactory id=d8b7ac88-c98b-3053-8338-f3ca71f8481d" }{ "timestamp": "2025-02-19 18:07:45", "thread": "[restartedMain]", "level": "INFO ", "logger": "o.s.b.w.e.tomcat.TomcatWebServer", "message": "Tomcat initialized with port 8081 (http)" }{ "timestamp": "2025-02-19 18:07:45", "thread": "[restartedMain]", "level": "INFO ", "logger": "o.a.catalina.core.StandardService", "message": "Starting service [Tomcat]" }{ "timestamp": "2025-02-19 18:07:45", "thread": "[restartedMain]", "level": "INFO ", "logger": "o.a.catalina.core.StandardEngine", "message": "Starting Servlet engine: [Apache Tomcat/10.1.34]" }{ "timestamp": "2025-02-19 18:07:45", "thread": "[restartedMain]", "level": "INFO ", "logger": "o.a.c.c.C.[Tomcat].[localhost].[/]", "message": "Initializing Spring embedded WebApplicationContext" }{ "timestamp": "2025-02-19 18:07:45", "thread": "[restartedMain]", "level": "INFO ", "logger": "o.s.b.w.s.c.ServletWebServerApplicationContext", "message": "Root WebApplicationContext: initialization completed in 2497 ms" }{ "timestamp": "2025-02-19 18:07:45", "thread": "[restartedMain]", "level": "INFO ", "logger": "o.h.jpa.internal.util.LogHelper", "message": "HHH000204: Processing PersistenceUnitInfo [name: default]" }{ "timestamp": "2025-02-19 18:07:45", "thread": "[restartedMain]", "level": "INFO ", "logger": "org.hibernate.Version", "message": "HHH000412: Hibernate ORM core version 6.6.5.Final" }{ "timestamp": "2025-02-19 18:07:45", "thread": "[restartedMain]", "level": "INFO ", "logger": "o.h.c.i.RegionFactoryInitiator", "message": "HHH000026: Second-level cache disabled" }{ "timestamp": "2025-02-19 18:07:46", "thread": "[restartedMain]", "level": "INFO ", "logger": "o.s.o.j.p.SpringPersistenceUnitInfo", "message": "No LoadTimeWeaver setup: ignoring JPA class transformer" }{ "timestamp": "2025-02-19 18:07:46", "thread": "[restartedMain]", "level": "INFO ", "logger": "com.zaxxer.hikari.HikariDataSource", "message": "HikariPool-1 - Starting..." }{ "timestamp": "2025-02-19 18:07:46", "thread": "[restartedMain]", "level": "INFO ", "logger": "com.zaxxer.hikari.pool.HikariPool", "message": "HikariPool-1 - Added connection org.postgresql.jdbc.PgConnection@584afb25" }{ "timestamp": "2025-02-19 18:07:46", "thread": "[restartedMain]", "level": "INFO ", "logger": "com.zaxxer.hikari.HikariDataSource", "message": "HikariPool-1 - Start completed." }{ "timestamp": "2025-02-19 18:07:46", "thread": "[restartedMain]", "level": "WARN ", "logger": "org.hibernate.orm.deprecation", "message": "HHH90000025: PostgreSQLDialect does not need to be specified explicitly using 'hibernate.dialect' (remove the property setting and it will be selected by default)" }{ "timestamp": "2025-02-19 18:07:46", "thread": "[restartedMain]", "level": "INFO ", "logger": "o.hibernate.orm.connections.pooling", "message": "HHH10001005: Database info:
	Database JDBC URL [Connecting through datasource 'HikariDataSource (HikariPool-1)']
	Database driver: undefined/unknown
	Database version: 16.2
	Autocommit mode: undefined/unknown
	Isolation level: undefined/unknown
	Minimum pool size: undefined/unknown
	Maximum pool size: undefined/unknown" }{ "timestamp": "2025-02-19 18:07:47", "thread": "[restartedMain]", "level": "INFO ", "logger": "o.h.e.t.j.p.i.JtaPlatformInitiator", "message": "HHH000489: No JTA platform available (set 'hibernate.transaction.jta.platform' to enable JTA platform integration)" }{ "timestamp": "2025-02-19 18:07:47", "thread": "[restartedMain]", "level": "INFO ", "logger": "o.s.o.j.LocalContainerEntityManagerFactoryBean", "message": "Initialized JPA EntityManagerFactory for persistence unit 'default'" }{ "timestamp": "2025-02-19 18:07:48", "thread": "[restartedMain]", "level": "WARN ", "logger": "o.s.b.a.o.j.JpaBaseConfiguration$JpaWebConfiguration", "message": "spring.jpa.open-in-view is enabled by default. Therefore, database queries may be performed during view rendering. Explicitly configure spring.jpa.open-in-view to disable this warning" }{ "timestamp": "2025-02-19 18:07:48", "thread": "[restartedMain]", "level": "INFO ", "logger": "o.s.v.b.OptionalValidatorFactoryBean", "message": "Failed to set up a Bean Validation provider: jakarta.validation.NoProviderFoundException: Unable to create a Configuration, because no Jakarta Bean Validation provider could be found. Add a provider like Hibernate Validator (RI) to your classpath." }{ "timestamp": "2025-02-19 18:07:50", "thread": "[restartedMain]", "level": "WARN ", "logger": "o.s.b.d.a.OptionalLiveReloadServer", "message": "Unable to start LiveReload server" }{ "timestamp": "2025-02-19 18:07:50", "thread": "[restartedMain]", "level": "INFO ", "logger": "o.s.c.n.e.c.DiscoveryClientOptionalArgsConfiguration", "message": "Eureka HTTP Client uses RestTemplate." }{ "timestamp": "2025-02-19 18:07:50", "thread": "[restartedMain]", "level": "WARN ", "logger": "o.s.c.l.c.LoadBalancerCacheAutoConfiguration$LoadBalancerCaffeineWarnLogger", "message": "Spring Cloud LoadBalancer is currently working with the default cache. While this cache implementation is useful for development and tests, it's recommended to use Caffeine cache in production.You can switch to using Caffeine cache, by adding it and org.springframework.cache.caffeine.CaffeineCacheManager to the classpath." }{ "timestamp": "2025-02-19 18:07:50", "thread": "[restartedMain]", "level": "INFO ", "logger": "o.s.b.a.e.web.EndpointLinksResolver", "message": "Exposing 19 endpoints beneath base path '/actuator'" }{ "timestamp": "2025-02-19 18:07:50", "thread": "[restartedMain]", "level": "INFO ", "logger": "o.s.c.n.eureka.InstanceInfoFactory", "message": "Setting initial instance status as: STARTING" }{ "timestamp": "2025-02-19 18:07:50", "thread": "[restartedMain]", "level": "INFO ", "logger": "c.netflix.discovery.DiscoveryClient", "message": "Initializing Eureka in region us-east-1" }{ "timestamp": "2025-02-19 18:07:50", "thread": "[restartedMain]", "level": "INFO ", "logger": "c.n.d.s.r.aws.ConfigClusterResolver", "message": "Resolving eureka endpoints via configuration" }{ "timestamp": "2025-02-19 18:07:50", "thread": "[restartedMain]", "level": "INFO ", "logger": "c.netflix.discovery.DiscoveryClient", "message": "Disable delta property : false" }{ "timestamp": "2025-02-19 18:07:50", "thread": "[restartedMain]", "level": "INFO ", "logger": "c.netflix.discovery.DiscoveryClient", "message": "Single vip registry refresh property : null" }{ "timestamp": "2025-02-19 18:07:50", "thread": "[restartedMain]", "level": "INFO ", "logger": "c.netflix.discovery.DiscoveryClient", "message": "Force full registry fetch : false" }{ "timestamp": "2025-02-19 18:07:50", "thread": "[restartedMain]", "level": "INFO ", "logger": "c.netflix.discovery.DiscoveryClient", "message": "Application is null : false" }{ "timestamp": "2025-02-19 18:07:50", "thread": "[restartedMain]", "level": "INFO ", "logger": "c.netflix.discovery.DiscoveryClient", "message": "Registered Applications size is zero : true" }{ "timestamp": "2025-02-19 18:07:50", "thread": "[restartedMain]", "level": "INFO ", "logger": "c.netflix.discovery.DiscoveryClient", "message": "Application version is -1: true" }{ "timestamp": "2025-02-19 18:07:50", "thread": "[restartedMain]", "level": "INFO ", "logger": "c.netflix.discovery.DiscoveryClient", "message": "Getting all instance registry info from the eureka server" }{ "timestamp": "2025-02-19 18:07:50", "thread": "[restartedMain]", "level": "INFO ", "logger": "c.netflix.discovery.DiscoveryClient", "message": "The response status is 200" }{ "timestamp": "2025-02-19 18:07:50", "thread": "[restartedMain]", "level": "INFO ", "logger": "c.netflix.discovery.DiscoveryClient", "message": "Starting heartbeat executor: renew interval is: 30" }{ "timestamp": "2025-02-19 18:07:50", "thread": "[restartedMain]", "level": "INFO ", "logger": "c.n.discovery.InstanceInfoReplicator", "message": "InstanceInfoReplicator onDemand update allowed rate per min is 4" }{ "timestamp": "2025-02-19 18:07:50", "thread": "[restartedMain]", "level": "INFO ", "logger": "c.netflix.discovery.DiscoveryClient", "message": "Discovery Client initialized at timestamp 1739977670751 with initial instances count: 7" }{ "timestamp": "2025-02-19 18:07:50", "thread": "[restartedMain]", "level": "INFO ", "logger": "o.s.c.n.e.s.EurekaServiceRegistry", "message": "Registering application PRODUCT-SERVICE with eureka with status UP" }{ "timestamp": "2025-02-19 18:07:50", "thread": "[restartedMain]", "level": "INFO ", "logger": "c.netflix.discovery.DiscoveryClient", "message": "Saw local status change event StatusChangeEvent [timestamp=1739977670758, current=UP, previous=STARTING]" }{ "timestamp": "2025-02-19 18:07:50", "thread": "[DiscoveryClient-InstanceInfoReplicator-%d]", "level": "INFO ", "logger": "c.netflix.discovery.DiscoveryClient", "message": "DiscoveryClient_PRODUCT-SERVICE/host.docker.internal:product-service:8081: registering service..." }{ "timestamp": "2025-02-19 18:07:50", "thread": "[restartedMain]", "level": "INFO ", "logger": "o.s.b.w.e.tomcat.TomcatWebServer", "message": "Tomcat started on port 8081 (http) with context path '/'" }{ "timestamp": "2025-02-19 18:07:50", "thread": "[restartedMain]", "level": "INFO ", "logger": "o.s.c.n.e.s.EurekaAutoServiceRegistration", "message": "Updating port to 8081" }{ "timestamp": "2025-02-19 18:07:50", "thread": "[DiscoveryClient-InstanceInfoReplicator-%d]", "level": "INFO ", "logger": "c.netflix.discovery.DiscoveryClient", "message": "DiscoveryClient_PRODUCT-SERVICE/host.docker.internal:product-service:8081 - registration status: 204" }{ "timestamp": "2025-02-19 18:07:50", "thread": "[restartedMain]", "level": "INFO ", "logger": "c.s.p.ProductServiceApplication", "message": "Started ProductServiceApplication in 8.588 seconds (process running for 9.256)" }{ "timestamp": "2025-02-19 18:07:51", "thread": "[RMI TCP Connection(1)-192.168.1.127]", "level": "INFO ", "logger": "o.s.a.r.c.CachingConnectionFactory", "message": "Attempting to connect to: [localhost:5672]" }{ "timestamp": "2025-02-19 18:07:51", "thread": "[RMI TCP Connection(2)-192.168.1.127]", "level": "INFO ", "logger": "o.a.c.c.C.[Tomcat].[localhost].[/]", "message": "Initializing Spring DispatcherServlet 'dispatcherServlet'" }{ "timestamp": "2025-02-19 18:07:51", "thread": "[RMI TCP Connection(2)-192.168.1.127]", "level": "INFO ", "logger": "o.s.web.servlet.DispatcherServlet", "message": "Initializing Servlet 'dispatcherServlet'" }{ "timestamp": "2025-02-19 18:07:51", "thread": "[RMI TCP Connection(2)-192.168.1.127]", "level": "INFO ", "logger": "o.s.web.servlet.DispatcherServlet", "message": "Completed initialization in 2 ms" }{ "timestamp": "2025-02-19 18:07:51", "thread": "[RMI TCP Connection(1)-192.168.1.127]", "level": "INFO ", "logger": "o.s.a.r.c.CachingConnectionFactory", "message": "Created new connection: rabbitConnectionFactory#b556b7d:0/SimpleConnection@66efd9ca [delegate=amqp://guest@127.0.0.1:5672/, localPort=61636]" }{ "timestamp": "2025-02-19 18:07:51", "thread": "[RMI TCP Connection(1)-192.168.1.127]", "level": "INFO ", "logger": "o.s.amqp.rabbit.core.RabbitAdmin", "message": "Auto-declaring a non-durable, auto-delete, or exclusive Queue (product-search-queue) durable:false, auto-delete:false, exclusive:false. It will be redeclared if the broker stops and is restarted while the connection factory is alive, but all messages will be lost." }{ "timestamp": "2025-02-19 18:07:51", "thread": "[RMI TCP Connection(1)-192.168.1.127]", "level": "INFO ", "logger": "o.s.amqp.rabbit.core.RabbitAdmin", "message": "Auto-declaring a non-durable, auto-delete, or exclusive Queue (product-update-search-queue) durable:false, auto-delete:false, exclusive:false. It will be redeclared if the broker stops and is restarted while the connection factory is alive, but all messages will be lost." }{ "timestamp": "2025-02-19 18:07:51", "thread": "[RMI TCP Connection(1)-192.168.1.127]", "level": "INFO ", "logger": "o.s.amqp.rabbit.core.RabbitAdmin", "message": "Auto-declaring a non-durable, auto-delete, or exclusive Queue (product-delete-search-queue) durable:false, auto-delete:false, exclusive:false. It will be redeclared if the broker stops and is restarted while the connection factory is alive, but all messages will be lost." }{ "timestamp": "2025-02-19 18:07:51", "thread": "[boundedElastic-1]", "level": "WARN ", "logger": "o.s.b.a.d.r.RedisReactiveHealthIndicator", "message": "Redis health check failed" }org.springframework.data.redis.RedisConnectionFailureException: Unable to connect to Redis
	at org.springframework.data.redis.connection.lettuce.LettuceConnectionFactory$ExceptionTranslatingConnectionProvider.translateException(LettuceConnectionFactory.java:1858)
	at org.springframework.data.redis.connection.lettuce.LettuceConnectionFactory$ExceptionTranslatingConnectionProvider.getConnection(LettuceConnectionFactory.java:1789)
	at org.springframework.data.redis.connection.lettuce.LettuceConnectionFactory$SharedConnection.getNativeConnection(LettuceConnectionFactory.java:1586)
	at org.springframework.data.redis.connection.lettuce.LettuceConnectionFactory$SharedConnection.lambda$getConnection$0(LettuceConnectionFactory.java:1566)
	at org.springframework.data.redis.connection.lettuce.LettuceConnectionFactory.doInLock(LettuceConnectionFactory.java:1527)
	at org.springframework.data.redis.connection.lettuce.LettuceConnectionFactory$SharedConnection.getConnection(LettuceConnectionFactory.java:1563)
	at org.springframework.data.redis.connection.lettuce.LettuceConnectionFactory.getSharedReactiveConnection(LettuceConnectionFactory.java:1274)
	at org.springframework.data.redis.connection.lettuce.LettuceConnectionFactory.getReactiveConnection(LettuceConnectionFactory.java:1149)
	at org.springframework.data.redis.connection.lettuce.LettuceConnectionFactory.getReactiveConnection(LettuceConnectionFactory.java:120)
	at reactor.core.publisher.MonoSupplier.call(MonoSupplier.java:67)
	at reactor.core.publisher.FluxSubscribeOnCallable$CallableSubscribeOnSubscription.run(FluxSubscribeOnCallable.java:228)
	at reactor.core.scheduler.SchedulerTask.call(SchedulerTask.java:68)
	at reactor.core.scheduler.SchedulerTask.call(SchedulerTask.java:28)
	at java.base/java.util.concurrent.FutureTask.run(FutureTask.java:264)
	at java.base/java.util.concurrent.ScheduledThreadPoolExecutor$ScheduledFutureTask.run(ScheduledThreadPoolExecutor.java:304)
	at java.base/java.util.concurrent.ThreadPoolExecutor.runWorker(ThreadPoolExecutor.java:1136)
	at java.base/java.util.concurrent.ThreadPoolExecutor$Worker.run(ThreadPoolExecutor.java:635)
	at java.base/java.lang.Thread.run(Thread.java:840)
Caused by: io.lettuce.core.RedisConnectionException: Unable to connect to localhost/<unresolved>:6379
	at io.lettuce.core.RedisConnectionException.create(RedisConnectionException.java:63)
	at io.lettuce.core.RedisConnectionException.create(RedisConnectionException.java:41)
	at io.lettuce.core.AbstractRedisClient.getConnection(AbstractRedisClient.java:354)
	at io.lettuce.core.RedisClient.connect(RedisClient.java:219)
	at org.springframework.data.redis.connection.lettuce.StandaloneConnectionProvider.lambda$getConnection$1(StandaloneConnectionProvider.java:112)
	at java.base/java.util.Optional.orElseGet(Optional.java:364)
	at org.springframework.data.redis.connection.lettuce.StandaloneConnectionProvider.getConnection(StandaloneConnectionProvider.java:112)
	at org.springframework.data.redis.connection.lettuce.LettuceConnectionFactory$ExceptionTranslatingConnectionProvider.getConnection(LettuceConnectionFactory.java:1787)
	... 16 common frames omitted
Caused by: io.netty.channel.AbstractChannel$AnnotatedConnectException: Connection refused: getsockopt: localhost/127.0.0.1:6379
Caused by: java.net.ConnectException: Connection refused: getsockopt
	at java.base/sun.nio.ch.Net.pollConnect(Native Method)
	at java.base/sun.nio.ch.Net.pollConnectNow(Net.java:672)
	at java.base/sun.nio.ch.SocketChannelImpl.finishConnect(SocketChannelImpl.java:946)
	at io.netty.channel.socket.nio.NioSocketChannel.doFinishConnect(NioSocketChannel.java:336)
	at io.netty.channel.nio.AbstractNioChannel$AbstractNioUnsafe.finishConnect(AbstractNioChannel.java:339)
	at io.netty.channel.nio.NioEventLoop.processSelectedKey(NioEventLoop.java:776)
	at io.netty.channel.nio.NioEventLoop.processSelectedKeysOptimized(NioEventLoop.java:724)
	at io.netty.channel.nio.NioEventLoop.processSelectedKeys(NioEventLoop.java:650)
	at io.netty.channel.nio.NioEventLoop.run(NioEventLoop.java:562)
	at io.netty.util.concurrent.SingleThreadEventExecutor$4.run(SingleThreadEventExecutor.java:997)
	at io.netty.util.internal.ThreadExecutorMap$2.run(ThreadExecutorMap.java:74)
	at io.netty.util.concurrent.FastThreadLocalRunnable.run(FastThreadLocalRunnable.java:30)
	at java.base/java.lang.Thread.run(Thread.java:840)
{ "timestamp": "2025-02-19 18:12:50", "thread": "[AsyncResolver-bootstrap-executor-%d]", "level": "INFO ", "logger": "c.n.d.s.r.aws.ConfigClusterResolver", "message": "Resolving eureka endpoints via configuration" }{ "timestamp": "2025-02-19 18:17:50", "thread": "[AsyncResolver-bootstrap-executor-%d]", "level": "INFO ", "logger": "c.n.d.s.r.aws.ConfigClusterResolver", "message": "Resolving eureka endpoints via configuration" }{ "timestamp": "2025-02-19 18:22:50", "thread": "[AsyncResolver-bootstrap-executor-%d]", "level": "INFO ", "logger": "c.n.d.s.r.aws.ConfigClusterResolver", "message": "Resolving eureka endpoints via configuration" }{ "timestamp": "2025-02-19 18:27:50", "thread": "[AsyncResolver-bootstrap-executor-%d]", "level": "INFO ", "logger": "c.n.d.s.r.aws.ConfigClusterResolver", "message": "Resolving eureka endpoints via configuration" }{ "timestamp": "2025-02-19 18:28:05", "thread": "[File Watcher]", "level": "INFO ", "logger": "o.s.b.d.a.LocalDevToolsAutoConfiguration$RestartingClassPathChangeChangedEventListener", "message": "Restarting due to 2 class path changes (0 additions, 1 deletion, 1 modification)" }{ "timestamp": "2025-02-19 18:28:05", "thread": "[Thread-1]", "level": "INFO ", "logger": "o.s.c.n.e.s.EurekaServiceRegistry", "message": "Unregistering application PRODUCT-SERVICE with eureka with status DOWN" }{ "timestamp": "2025-02-19 18:28:05", "thread": "[Thread-1]", "level": "INFO ", "logger": "c.netflix.discovery.DiscoveryClient", "message": "Saw local status change event StatusChangeEvent [timestamp=1739978885135, current=DOWN, previous=UP]" }{ "timestamp": "2025-02-19 18:28:05", "thread": "[DiscoveryClient-InstanceInfoReplicator-%d]", "level": "INFO ", "logger": "c.netflix.discovery.DiscoveryClient", "message": "DiscoveryClient_PRODUCT-SERVICE/host.docker.internal:product-service:8081: registering service..." }{ "timestamp": "2025-02-19 18:28:05", "thread": "[Thread-1]", "level": "INFO ", "logger": "o.s.b.w.e.tomcat.GracefulShutdown", "message": "Commencing graceful shutdown. Waiting for active requests to complete" }{ "timestamp": "2025-02-19 18:28:05", "thread": "[DiscoveryClient-InstanceInfoReplicator-%d]", "level": "INFO ", "logger": "c.netflix.discovery.DiscoveryClient", "message": "DiscoveryClient_PRODUCT-SERVICE/host.docker.internal:product-service:8081 - registration status: 204" }{ "timestamp": "2025-02-19 18:28:05", "thread": "[tomcat-shutdown]", "level": "INFO ", "logger": "o.s.b.w.e.tomcat.GracefulShutdown", "message": "Graceful shutdown complete" }{ "timestamp": "2025-02-19 18:28:05", "thread": "[Thread-1]", "level": "INFO ", "logger": "o.s.o.j.LocalContainerEntityManagerFactoryBean", "message": "Closing JPA EntityManagerFactory for persistence unit 'default'" }{ "timestamp": "2025-02-19 18:28:05", "thread": "[Thread-1]", "level": "INFO ", "logger": "com.zaxxer.hikari.HikariDataSource", "message": "HikariPool-1 - Shutdown initiated..." }{ "timestamp": "2025-02-19 18:28:05", "thread": "[Thread-1]", "level": "INFO ", "logger": "com.zaxxer.hikari.HikariDataSource", "message": "HikariPool-1 - Shutdown completed." }{ "timestamp": "2025-02-19 18:28:05", "thread": "[Thread-1]", "level": "INFO ", "logger": "c.netflix.discovery.DiscoveryClient", "message": "Shutting down DiscoveryClient ..." }{ "timestamp": "2025-02-19 18:28:08", "thread": "[Thread-1]", "level": "INFO ", "logger": "c.netflix.discovery.DiscoveryClient", "message": "Unregistering ..." }{ "timestamp": "2025-02-19 18:28:08", "thread": "[Thread-1]", "level": "INFO ", "logger": "c.netflix.discovery.DiscoveryClient", "message": "DiscoveryClient_PRODUCT-SERVICE/host.docker.internal:product-service:8081 - deregister  status: 200" }{ "timestamp": "2025-02-19 18:28:08", "thread": "[Thread-1]", "level": "INFO ", "logger": "c.netflix.discovery.DiscoveryClient", "message": "Completed shut down of DiscoveryClient" }